[debug] [2026-03-25T05:53:38.549Z] ----------------------------------------------------------------------
[debug] [2026-03-25T05:53:38.551Z] Command:       /usr/local/share/nvm/versions/node/v24.11.1/bin/node /home/codespace/nvm/current/bin/firebase deploy --only functions
[debug] [2026-03-25T05:53:38.551Z] CLI Version:   15.11.0
[debug] [2026-03-25T05:53:38.551Z] Platform:      linux
[debug] [2026-03-25T05:53:38.551Z] Node Version:  v24.11.1
[debug] [2026-03-25T05:53:38.551Z] Time:          Wed Mar 25 2026 05:53:38 GMT+0000 (Coordinated Universal Time)
[debug] [2026-03-25T05:53:38.551Z] ----------------------------------------------------------------------
[debug] 
[debug] [2026-03-25T05:53:39.495Z] > command requires scopes: ["email","openid","https://www.googleapis.com/auth/cloudplatformprojects.readonly","https://www.googleapis.com/auth/firebase","https://www.googleapis.com/auth/cloud-platform"]
[debug] [2026-03-25T05:53:39.495Z] > authorizing via signed-in user (bakayise.developers@gmail.com)
[debug] [2026-03-25T05:53:39.495Z] [iam] checking project tutoring-e68f8 for permissions ["cloudfunctions.functions.create","cloudfunctions.functions.delete","cloudfunctions.functions.get","cloudfunctions.functions.list","cloudfunctions.functions.update","cloudfunctions.operations.get","firebase.projects.get"]
[debug] [2026-03-25T05:53:39.496Z] Checked if tokens are valid: true, expires at: 1774421585555
[debug] [2026-03-25T05:53:39.496Z] Checked if tokens are valid: true, expires at: 1774421585555
[debug] [2026-03-25T05:53:39.497Z] >>> [apiv2][query] POST https://cloudresourcemanager.googleapis.com/v1/projects/tutoring-e68f8:testIamPermissions [none]
[debug] [2026-03-25T05:53:39.497Z] >>> [apiv2][(partial)header] POST https://cloudresourcemanager.googleapis.com/v1/projects/tutoring-e68f8:testIamPermissions  x-goog-user-project=tutoring-e68f8
[debug] [2026-03-25T05:53:39.497Z] >>> [apiv2][body] POST https://cloudresourcemanager.googleapis.com/v1/projects/tutoring-e68f8:testIamPermissions {"permissions":["cloudfunctions.functions.create","cloudfunctions.functions.delete","cloudfunctions.functions.get","cloudfunctions.functions.list","cloudfunctions.functions.update","cloudfunctions.operations.get","firebase.projects.get"]}
[debug] [2026-03-25T05:53:40.176Z] <<< [apiv2][status] POST https://cloudresourcemanager.googleapis.com/v1/projects/tutoring-e68f8:testIamPermissions 200
[debug] [2026-03-25T05:53:40.177Z] <<< [apiv2][body] POST https://cloudresourcemanager.googleapis.com/v1/projects/tutoring-e68f8:testIamPermissions {"permissions":["cloudfunctions.functions.create","cloudfunctions.functions.delete","cloudfunctions.functions.get","cloudfunctions.functions.list","cloudfunctions.functions.update","cloudfunctions.operations.get","firebase.projects.get"]}
[debug] [2026-03-25T05:53:40.177Z] Checked if tokens are valid: true, expires at: 1774421585555
[debug] [2026-03-25T05:53:40.177Z] Checked if tokens are valid: true, expires at: 1774421585555
[debug] [2026-03-25T05:53:40.177Z] >>> [apiv2][query] POST https://iam.googleapis.com/v1/projects/tutoring-e68f8/serviceAccounts/tutoring-e68f8@appspot.gserviceaccount.com:testIamPermissions [none]
[debug] [2026-03-25T05:53:40.177Z] >>> [apiv2][body] POST https://iam.googleapis.com/v1/projects/tutoring-e68f8/serviceAccounts/tutoring-e68f8@appspot.gserviceaccount.com:testIamPermissions {"permissions":["iam.serviceAccounts.actAs"]}
[debug] [2026-03-25T05:53:40.887Z] <<< [apiv2][status] POST https://iam.googleapis.com/v1/projects/tutoring-e68f8/serviceAccounts/tutoring-e68f8@appspot.gserviceaccount.com:testIamPermissions 200
[debug] [2026-03-25T05:53:40.888Z] <<< [apiv2][body] POST https://iam.googleapis.com/v1/projects/tutoring-e68f8/serviceAccounts/tutoring-e68f8@appspot.gserviceaccount.com:testIamPermissions {"permissions":["iam.serviceAccounts.actAs"]}
[info] 
[info] === Deploying to 'tutoring-e68f8'...
[info] 
[info] i  deploying functions 
[debug] [2026-03-25T05:53:40.892Z] Checked if tokens are valid: true, expires at: 1774421585555
[debug] [2026-03-25T05:53:40.893Z] Checked if tokens are valid: true, expires at: 1774421585555
[debug] [2026-03-25T05:53:40.893Z] >>> [apiv2][query] GET https://serviceusage.googleapis.com/v1/projects/tutoring-e68f8/services/cloudresourcemanager.googleapis.com [none]
[debug] [2026-03-25T05:53:40.893Z] >>> [apiv2][(partial)header] GET https://serviceusage.googleapis.com/v1/projects/tutoring-e68f8/services/cloudresourcemanager.googleapis.com  x-goog-user-project=tutoring-e68f8
[debug] [2026-03-25T05:53:41.809Z] <<< [apiv2][status] GET https://serviceusage.googleapis.com/v1/projects/tutoring-e68f8/services/cloudresourcemanager.googleapis.com 200
[debug] [2026-03-25T05:53:41.809Z] <<< [apiv2][body] GET https://serviceusage.googleapis.com/v1/projects/tutoring-e68f8/services/cloudresourcemanager.googleapis.com [omitted]
[debug] [2026-03-25T05:53:41.812Z] Checked if tokens are valid: true, expires at: 1774421585555
[debug] [2026-03-25T05:53:41.812Z] Checked if tokens are valid: true, expires at: 1774421585555
[debug] [2026-03-25T05:53:41.813Z] >>> [apiv2][query] GET https://cloudresourcemanager.googleapis.com/v1/projects/tutoring-e68f8 [none]
[debug] [2026-03-25T05:53:41.983Z] <<< [apiv2][status] GET https://cloudresourcemanager.googleapis.com/v1/projects/tutoring-e68f8 200
[debug] [2026-03-25T05:53:41.983Z] <<< [apiv2][body] GET https://cloudresourcemanager.googleapis.com/v1/projects/tutoring-e68f8 {"projectNumber":"364576816256","projectId":"tutoring-e68f8","lifecycleState":"ACTIVE","name":"Examify","labels":{"firebase":"enabled","firebase-core":"disabled"},"createTime":"2026-03-17T05:45:30.454789Z"}
[info] i  functions: preparing codebase default for deployment 
[info] i  functions: ensuring required API cloudfunctions.googleapis.com is enabled... 
[debug] [2026-03-25T05:53:41.984Z] Checked if tokens are valid: true, expires at: 1774421585555
[debug] [2026-03-25T05:53:41.984Z] Checked if tokens are valid: true, expires at: 1774421585555
[debug] [2026-03-25T05:53:41.985Z] Checked if tokens are valid: true, expires at: 1774421585555
[debug] [2026-03-25T05:53:41.985Z] Checked if tokens are valid: true, expires at: 1774421585555
[info] i  functions: ensuring required API cloudbuild.googleapis.com is enabled... 
[debug] [2026-03-25T05:53:41.985Z] Checked if tokens are valid: true, expires at: 1774421585555
[debug] [2026-03-25T05:53:41.985Z] Checked if tokens are valid: true, expires at: 1774421585555
[info] i  artifactregistry: ensuring required API artifactregistry.googleapis.com is enabled... 
[debug] [2026-03-25T05:53:41.985Z] Checked if tokens are valid: true, expires at: 1774421585555
[debug] [2026-03-25T05:53:41.985Z] Checked if tokens are valid: true, expires at: 1774421585555
[debug] [2026-03-25T05:53:41.985Z] >>> [apiv2][query] GET https://serviceusage.googleapis.com/v1/projects/tutoring-e68f8/services/cloudfunctions.googleapis.com [none]
[debug] [2026-03-25T05:53:41.985Z] >>> [apiv2][(partial)header] GET https://serviceusage.googleapis.com/v1/projects/tutoring-e68f8/services/cloudfunctions.googleapis.com  x-goog-user-project=tutoring-e68f8
[debug] [2026-03-25T05:53:41.986Z] >>> [apiv2][query] GET https://serviceusage.googleapis.com/v1/projects/tutoring-e68f8/services/runtimeconfig.googleapis.com [none]
[debug] [2026-03-25T05:53:41.986Z] >>> [apiv2][(partial)header] GET https://serviceusage.googleapis.com/v1/projects/tutoring-e68f8/services/runtimeconfig.googleapis.com  x-goog-user-project=tutoring-e68f8
[debug] [2026-03-25T05:53:41.987Z] >>> [apiv2][query] GET https://serviceusage.googleapis.com/v1/projects/tutoring-e68f8/services/cloudbuild.googleapis.com [none]
[debug] [2026-03-25T05:53:41.987Z] >>> [apiv2][(partial)header] GET https://serviceusage.googleapis.com/v1/projects/tutoring-e68f8/services/cloudbuild.googleapis.com  x-goog-user-project=tutoring-e68f8
[debug] [2026-03-25T05:53:41.989Z] >>> [apiv2][query] GET https://serviceusage.googleapis.com/v1/projects/tutoring-e68f8/services/artifactregistry.googleapis.com [none]
[debug] [2026-03-25T05:53:41.989Z] >>> [apiv2][(partial)header] GET https://serviceusage.googleapis.com/v1/projects/tutoring-e68f8/services/artifactregistry.googleapis.com  x-goog-user-project=tutoring-e68f8
[debug] [2026-03-25T05:53:42.306Z] <<< [apiv2][status] GET https://serviceusage.googleapis.com/v1/projects/tutoring-e68f8/services/cloudfunctions.googleapis.com 200
[debug] [2026-03-25T05:53:42.307Z] <<< [apiv2][body] GET https://serviceusage.googleapis.com/v1/projects/tutoring-e68f8/services/cloudfunctions.googleapis.com [omitted]
[info] ✔  functions: required API cloudfunctions.googleapis.com is enabled 
[debug] [2026-03-25T05:53:42.782Z] <<< [apiv2][status] GET https://serviceusage.googleapis.com/v1/projects/tutoring-e68f8/services/runtimeconfig.googleapis.com 200
[debug] [2026-03-25T05:53:42.782Z] <<< [apiv2][body] GET https://serviceusage.googleapis.com/v1/projects/tutoring-e68f8/services/runtimeconfig.googleapis.com [omitted]
[debug] [2026-03-25T05:53:42.801Z] <<< [apiv2][status] GET https://serviceusage.googleapis.com/v1/projects/tutoring-e68f8/services/artifactregistry.googleapis.com 200
[debug] [2026-03-25T05:53:42.801Z] <<< [apiv2][body] GET https://serviceusage.googleapis.com/v1/projects/tutoring-e68f8/services/artifactregistry.googleapis.com [omitted]
[info] ✔  artifactregistry: required API artifactregistry.googleapis.com is enabled 
[debug] [2026-03-25T05:53:42.826Z] <<< [apiv2][status] GET https://serviceusage.googleapis.com/v1/projects/tutoring-e68f8/services/cloudbuild.googleapis.com 200
[debug] [2026-03-25T05:53:42.826Z] <<< [apiv2][body] GET https://serviceusage.googleapis.com/v1/projects/tutoring-e68f8/services/cloudbuild.googleapis.com [omitted]
[info] ✔  functions: required API cloudbuild.googleapis.com is enabled 
[debug] [2026-03-25T05:53:42.828Z] Checked if tokens are valid: true, expires at: 1774421585555
[debug] [2026-03-25T05:53:42.828Z] Checked if tokens are valid: true, expires at: 1774421585555
[debug] [2026-03-25T05:53:42.828Z] >>> [apiv2][query] GET https://firebase.googleapis.com/v1beta1/projects/tutoring-e68f8/adminSdkConfig [none]
[debug] [2026-03-25T05:53:43.141Z] <<< [apiv2][status] GET https://firebase.googleapis.com/v1beta1/projects/tutoring-e68f8/adminSdkConfig 200
[debug] [2026-03-25T05:53:43.142Z] <<< [apiv2][body] GET https://firebase.googleapis.com/v1beta1/projects/tutoring-e68f8/adminSdkConfig {"projectId":"tutoring-e68f8","storageBucket":"tutoring-e68f8.firebasestorage.app"}
[debug] [2026-03-25T05:53:43.143Z] Checked if tokens are valid: true, expires at: 1774421585555
[debug] [2026-03-25T05:53:43.143Z] Checked if tokens are valid: true, expires at: 1774421585555
[debug] [2026-03-25T05:53:43.143Z] >>> [apiv2][query] GET https://runtimeconfig.googleapis.com/v1beta1/projects/tutoring-e68f8/configs [none]
[debug] [2026-03-25T05:53:43.394Z] <<< [apiv2][status] GET https://runtimeconfig.googleapis.com/v1beta1/projects/tutoring-e68f8/configs 200
[debug] [2026-03-25T05:53:43.394Z] <<< [apiv2][body] GET https://runtimeconfig.googleapis.com/v1beta1/projects/tutoring-e68f8/configs {}
[debug] [2026-03-25T05:53:43.395Z] Validating nodejs source
[warn] ⚠  functions: Couldn't find firebase-functions package in your source code. Have you run 'npm install'? 
[debug] [2026-03-25T05:53:43.396Z] getFunctionsSDKVersion encountered error: Cannot find module 'firebase-functions'
Require stack:
- /usr/local/share/nvm/versions/node/v24.11.1/lib/node_modules/firebase-tools/lib/deploy/functions/runtimes/node/versioning.js
- /usr/local/share/nvm/versions/node/v24.11.1/lib/node_modules/firebase-tools/lib/deploy/functions/runtimes/node/index.js
- /usr/local/share/nvm/versions/node/v24.11.1/lib/node_modules/firebase-tools/lib/deploy/functions/runtimes/index.js
- /usr/local/share/nvm/versions/node/v24.11.1/lib/node_modules/firebase-tools/lib/deploy/functions/prepare.js
- /usr/local/share/nvm/versions/node/v24.11.1/lib/node_modules/firebase-tools/lib/emulator/functionsEmulatorShared.js
- /usr/local/share/nvm/versions/node/v24.11.1/lib/node_modules/firebase-tools/lib/frameworks/index.js
- /usr/local/share/nvm/versions/node/v24.11.1/lib/node_modules/firebase-tools/lib/deploy/hosting/prepare.js
- /usr/local/share/nvm/versions/node/v24.11.1/lib/node_modules/firebase-tools/lib/deploy/hosting/index.js
- /usr/local/share/nvm/versions/node/v24.11.1/lib/node_modules/firebase-tools/lib/deploy/index.js
- /usr/local/share/nvm/versions/node/v24.11.1/lib/node_modules/firebase-tools/lib/commands/deploy.js
- /usr/local/share/nvm/versions/node/v24.11.1/lib/node_modules/firebase-tools/lib/commands/index.js
- /usr/local/share/nvm/versions/node/v24.11.1/lib/node_modules/firebase-tools/lib/index.js
- /usr/local/share/nvm/versions/node/v24.11.1/lib/node_modules/firebase-tools/lib/bin/cli.js
- /usr/local/share/nvm/versions/node/v24.11.1/lib/node_modules/firebase-tools/lib/bin/firebase.js {"code":"MODULE_NOT_FOUND","requireStack":["/usr/local/share/nvm/versions/node/v24.11.1/lib/node_modules/firebase-tools/lib/deploy/functions/runtimes/node/versioning.js","/usr/local/share/nvm/versions/node/v24.11.1/lib/node_modules/firebase-tools/lib/deploy/functions/runtimes/node/index.js","/usr/local/share/nvm/versions/node/v24.11.1/lib/node_modules/firebase-tools/lib/deploy/functions/runtimes/index.js","/usr/local/share/nvm/versions/node/v24.11.1/lib/node_modules/firebase-tools/lib/deploy/functions/prepare.js","/usr/local/share/nvm/versions/node/v24.11.1/lib/node_modules/firebase-tools/lib/emulator/functionsEmulatorShared.js","/usr/local/share/nvm/versions/node/v24.11.1/lib/node_modules/firebase-tools/lib/frameworks/index.js","/usr/local/share/nvm/versions/node/v24.11.1/lib/node_modules/firebase-tools/lib/deploy/hosting/prepare.js","/usr/local/share/nvm/versions/node/v24.11.1/lib/node_modules/firebase-tools/lib/deploy/hosting/index.js","/usr/local/share/nvm/versions/node/v24.11.1/lib/node_modules/firebase-tools/lib/deploy/index.js","/usr/local/share/nvm/versions/node/v24.11.1/lib/node_modules/firebase-tools/lib/commands/deploy.js","/usr/local/share/nvm/versions/node/v24.11.1/lib/node_modules/firebase-tools/lib/commands/index.js","/usr/local/share/nvm/versions/node/v24.11.1/lib/node_modules/firebase-tools/lib/index.js","/usr/local/share/nvm/versions/node/v24.11.1/lib/node_modules/firebase-tools/lib/bin/cli.js","/usr/local/share/nvm/versions/node/v24.11.1/lib/node_modules/firebase-tools/lib/bin/firebase.js"]}
[debug] [2026-03-25T05:53:43.396Z] checkFunctionsSDKVersion encountered error: Invalid Version:  {}
[debug] [2026-03-25T05:53:43.398Z] > [functions] package.json contents: {
  "name": "functions",
  "type": "module",
  "engines": {
    "node": "22"
  },
  "main": "src/index.js",
  "scripts": {
    "lint": "eslint .",
    "serve": "firebase emulators:start --only functions",
    "deploy": "firebase deploy --only functions"
  },
  "dependencies": {
    "firebase-admin": "^13.7.0",
    "firebase-functions": "^7.2.2"
  },
  "devDependencies": {
    "eslint": "^9.25.0"
  }
}
[debug] [2026-03-25T05:53:43.398Z] Building nodejs source
[info] i  functions: Loading and analyzing source code for codebase default to determine what to deploy 
[debug] [2026-03-25T05:53:43.399Z] Could not parse firebase-functions version '' into semver.
[debug] [2026-03-25T05:53:43.399Z] Could not find functions.yaml. Must use http discovery
[debug] [2026-03-25T05:53:43.425Z] Error: Cannot find module 'firebase-functions'
Require stack:
- /usr/local/share/nvm/versions/node/v24.11.1/lib/node_modules/firebase-tools/lib/deploy/functions/runtimes/node/index.js
- /usr/local/share/nvm/versions/node/v24.11.1/lib/node_modules/firebase-tools/lib/deploy/functions/runtimes/index.js
- /usr/local/share/nvm/versions/node/v24.11.1/lib/node_modules/firebase-tools/lib/deploy/functions/prepare.js
- /usr/local/share/nvm/versions/node/v24.11.1/lib/node_modules/firebase-tools/lib/emulator/functionsEmulatorShared.js
- /usr/local/share/nvm/versions/node/v24.11.1/lib/node_modules/firebase-tools/lib/frameworks/index.js
- /usr/local/share/nvm/versions/node/v24.11.1/lib/node_modules/firebase-tools/lib/deploy/hosting/prepare.js
- /usr/local/share/nvm/versions/node/v24.11.1/lib/node_modules/firebase-tools/lib/deploy/hosting/index.js
- /usr/local/share/nvm/versions/node/v24.11.1/lib/node_modules/firebase-tools/lib/deploy/index.js
- /usr/local/share/nvm/versions/node/v24.11.1/lib/node_modules/firebase-tools/lib/commands/deploy.js
- /usr/local/share/nvm/versions/node/v24.11.1/lib/node_modules/firebase-tools/lib/commands/index.js
- /usr/local/share/nvm/versions/node/v24.11.1/lib/node_modules/firebase-tools/lib/index.js
- /usr/local/share/nvm/versions/node/v24.11.1/lib/node_modules/firebase-tools/lib/bin/cli.js
- /usr/local/share/nvm/versions/node/v24.11.1/lib/node_modules/firebase-tools/lib/bin/firebase.js
    at Module._resolveFilename (node:internal/modules/cjs/loader:1421:15)
    at require.resolve (node:internal/modules/helpers:163:19)
    at Delegate.findFunctionsBinary (/usr/local/share/nvm/versions/node/v24.11.1/lib/node_modules/firebase-tools/lib/deploy/functions/runtimes/node/index.js:101:33)
    at Delegate.spawnFunctionsProcess (/usr/local/share/nvm/versions/node/v24.11.1/lib/node_modules/firebase-tools/lib/deploy/functions/runtimes/node/index.js:131:30)
    at Delegate.serveAdmin (/usr/local/share/nvm/versions/node/v24.11.1/lib/node_modules/firebase-tools/lib/deploy/functions/runtimes/node/index.js:152:35)
    at Delegate.discoverBuild (/usr/local/share/nvm/versions/node/v24.11.1/lib/node_modules/firebase-tools/lib/deploy/functions/runtimes/node/index.js:192:41)
    at process.processTicksAndRejections (node:internal/process/task_queues:103:5)
    at async loadCodebases (/usr/local/share/nvm/versions/node/v24.11.1/lib/node_modules/firebase-tools/lib/deploy/functions/prepare.js:334:33)
    at async prepare (/usr/local/share/nvm/versions/node/v24.11.1/lib/node_modules/firebase-tools/lib/deploy/functions/prepare.js:69:24)
    at async chain (/usr/local/share/nvm/versions/node/v24.11.1/lib/node_modules/firebase-tools/lib/deploy/index.js:45:9)
[error] 
[error] Error: An unexpected error has occurred.
